# JRE version: OpenJDK Runtime Environment Microsoft-9889599 (17.0.12+7) (build 17.0.12+7-LTS)
# Java VM: OpenJDK 64-Bit Server VM Microsoft-9889599 (17.0.12+7-LTS, mixed mode, sharing, tiered, compressed oops, compressed class ptrs, g1 gc, windows-amd64)
GC Precious Log:
 CPUs: 16 total, 16 available
 Memory: 8010M
 Large Page Support: Disabled
 NUMA Support: Disabled
 Compressed Oops: Enabled (32-bit)
 Heap Region Size: 1M
 Heap Min Capacity: 8M
 Heap Initial Capacity: 126M
 Heap Max Capacity: 2004M
 Pre-touch: Disabled
 Parallel Workers: 13
 Concurrent Workers: 3
 Concurrent Refinement Workers: 13
 Periodic GC: Disabled
Heap:
 garbage-first heap   total 192512K, used 89643K [0x0000000082c00000, 0x0000000100000000)
  region size 1024K, 5 young (5120K), 5 survivors (5120K)
 Metaspace       used 4343K, committed 4480K, reserved 1114112K
  class space    used 439K, committed 512K, reserved 1048576K
GC Heap History (17 events):
Event: 0.623 GC heap before
{Heap before GC invocations=0 (full 0):
 garbage-first heap   total 129024K, used 41984K [0x0000000082c00000, 0x0000000100000000)
  region size 1024K, 23 young (23552K), 0 survivors (0K)
 Metaspace       used 322K, committed 512K, reserved 1114112K
  class space    used 11K, committed 128K, reserved 1048576K
}
Event: 0.637 GC heap after
{Heap after GC invocations=1 (full 0):
 garbage-first heap   total 129024K, used 21104K [0x0000000082c00000, 0x0000000100000000)
  region size 1024K, 3 young (3072K), 3 survivors (3072K)
 Metaspace       used 322K, committed 512K, reserved 1114112K
  class space    used 11K, committed 128K, reserved 1048576K
}
Event: 0.911 GC heap before
{Heap before GC invocations=1 (full 0):
 garbage-first heap   total 129024K, used 43632K [0x0000000082c00000, 0x0000000100000000)
  region size 1024K, 25 young (25600K), 3 survivors (3072K)
 Metaspace       used 1591K, committed 1792K, reserved 1114112K
  class space    used 141K, committed 256K, reserved 1048576K
}
Event: 0.929 GC heap after
{Heap after GC invocations=2 (full 0):
 garbage-first heap   total 129024K, used 34816K [0x0000000082c00000, 0x0000000100000000)
  region size 1024K, 4 young (4096K), 4 survivors (4096K)
 Metaspace       used 1591K, committed 1792K, reserved 1114112K
  class space    used 141K, committed 256K, reserved 1048576K
}
Event: 1.611 GC heap before
{Heap before GC invocations=2 (full 0):
 garbage-first heap   total 129024K, used 59392K [0x0000000082c00000, 0x0000000100000000)
  region size 1024K, 23 young (23552K), 4 survivors (4096K)
 Metaspace       used 3256K, committed 3392K, reserved 1114112K
  class space    used 319K, committed 384K, reserved 1048576K
}
Event: 1.625 GC heap after
{Heap after GC invocations=3 (full 0):
 garbage-first heap   total 129024K, used 44032K [0x0000000082c00000, 0x0000000100000000)
  region size 1024K, 3 young (3072K), 3 survivors (3072K)
 Metaspace       used 3256K, committed 3392K, reserved 1114112K
  class space    used 319K, committed 384K, reserved 1048576K
}
Event: 1.906 GC heap before
{Heap before GC invocations=3 (full 0):
 garbage-first heap   total 129024K, used 83968K [0x0000000082c00000, 0x0000000100000000)
  region size 1024K, 33 young (33792K), 3 survivors (3072K)
 Metaspace       used 3320K, committed 3520K, reserved 1114112K
  class space    used 326K, committed 448K, reserved 1048576K
}
Event: 1.933 GC heap after
{Heap after GC invocations=4 (full 0):
 garbage-first heap   total 129024K, used 65008K [0x0000000082c00000, 0x0000000100000000)
  region size 1024K, 5 young (5120K), 5 survivors (5120K)
 Metaspace       used 3320K, committed 3520K, reserved 1114112K
  class space    used 326K, committed 448K, reserved 1048576K
}
Event: 2.055 GC heap before
{Heap before GC invocations=4 (full 0):
 garbage-first heap   total 129024K, used 74224K [0x0000000082c00000, 0x0000000100000000)
  region size 1024K, 15 young (15360K), 5 survivors (5120K)
 Metaspace       used 3364K, committed 3520K, reserved 1114112K
  class space    used 331K, committed 448K, reserved 1048576K
}
Event: 2.565 GC heap after
{Heap after GC invocations=5 (full 0):
 garbage-first heap   total 192512K, used 66560K [0x0000000082c00000, 0x0000000100000000)
  region size 1024K, 4 young (4096K), 4 survivors (4096K)
 Metaspace       used 3364K, committed 3520K, reserved 1114112K
  class space    used 331K, committed 448K, reserved 1048576K
}
Event: 2.607 GC heap before
{Heap before GC invocations=5 (full 0):
 garbage-first heap   total 192512K, used 76800K [0x0000000082c00000, 0x0000000100000000)
  region size 1024K, 9 young (9216K), 4 survivors (4096K)
 Metaspace       used 3364K, committed 3520K, reserved 1114112K
  class space    used 331K, committed 448K, reserved 1048576K
}
Event: 2.611 GC heap after
{Heap after GC invocations=6 (full 0):
 garbage-first heap   total 192512K, used 69247K [0x0000000082c00000, 0x0000000100000000)
  region size 1024K, 2 young (2048K), 2 survivors (2048K)
 Metaspace       used 3364K, committed 3520K, reserved 1114112K
  class space    used 331K, committed 448K, reserved 1048576K
}
Event: 2.617 GC heap before
{Heap before GC invocations=6 (full 0):
 garbage-first heap   total 192512K, used 76415K [0x0000000082c00000, 0x0000000100000000)
  region size 1024K, 9 young (9216K), 2 survivors (2048K)
 Metaspace       used 3364K, committed 3520K, reserved 1114112K
  class space    used 331K, committed 448K, reserved 1048576K
}
Event: 2.624 GC heap after
{Heap after GC invocations=7 (full 0):
 garbage-first heap   total 192512K, used 73475K [0x0000000082c00000, 0x0000000100000000)
  region size 1024K, 2 young (2048K), 2 survivors (2048K)
 Metaspace       used 3364K, committed 3520K, reserved 1114112K
  class space    used 331K, committed 448K, reserved 1048576K
}
Event: 2.668 GC heap before
{Heap before GC invocations=7 (full 0):
 garbage-first heap   total 192512K, used 94979K [0x0000000082c00000, 0x0000000100000000)
  region size 1024K, 15 young (15360K), 2 survivors (2048K)
 Metaspace       used 3367K, committed 3520K, reserved 1114112K
  class space    used 331K, committed 448K, reserved 1048576K
}
Event: 2.674 GC heap after
{Heap after GC invocations=8 (full 0):
 garbage-first heap   total 192512K, used 83944K [0x0000000082c00000, 0x0000000100000000)
  region size 1024K, 2 young (2048K), 2 survivors (2048K)
 Metaspace       used 3367K, committed 3520K, reserved 1114112K
  class space    used 331K, committed 448K, reserved 1048576K
}
Event: 2.917 GC heap before
{Heap before GC invocations=8 (full 0):
 garbage-first heap   total 192512K, used 115688K [0x0000000082c00000, 0x0000000100000000)
  region size 1024K, 31 young (31744K), 2 survivors (2048K)
 Metaspace       used 4343K, committed 4480K, reserved 1114112K
  class space    used 439K, committed 512K, reserved 1048576K
}

