# JRE version: OpenJDK Runtime Environment Microsoft-9889599 (17.0.12+7) (build 17.0.12+7-LTS)
# Java VM: OpenJDK 64-Bit Server VM Microsoft-9889599 (17.0.12+7-LTS, mixed mode, sharing, tiered, compressed oops, compressed class ptrs, g1 gc, windows-amd64)
GC Precious Log:
 CPUs: 16 total, 16 available
 Memory: 8010M
 Large Page Support: Disabled
 NUMA Support: Disabled
 Compressed Oops: Enabled (32-bit)
 Heap Region Size: 1M
 Heap Min Capacity: 8M
 Heap Initial Capacity: 8M
 Heap Max Capacity: 2004M
 Pre-touch: Disabled
 Parallel Workers: 13
 Concurrent Workers: 3
 Concurrent Refinement Workers: 13
 Periodic GC: Disabled
Heap:
 garbage-first heap   total 145408K, used 64353K [0x0000000082c00000, 0x0000000100000000)
  region size 1024K, 1 young (1024K), 1 survivors (1024K)
 Metaspace       used 11650K, committed 11840K, reserved 1114112K
  class space    used 1119K, committed 1216K, reserved 1048576K
GC Heap History (20 events):
Event: 3.823 GC heap after
{Heap after GC invocations=30 (full 0):
 garbage-first heap   total 77824K, used 55296K [0x0000000082c00000, 0x0000000100000000)
  region size 1024K, 2 young (2048K), 2 survivors (2048K)
 Metaspace       used 9334K, committed 9536K, reserved 1114112K
  class space    used 985K, committed 1088K, reserved 1048576K
}
Event: 3.865 GC heap before
{Heap before GC invocations=31 (full 0):
 garbage-first heap   total 99328K, used 60416K [0x0000000082c00000, 0x0000000100000000)
  region size 1024K, 7 young (7168K), 2 survivors (2048K)
 Metaspace       used 9334K, committed 9536K, reserved 1114112K
  class space    used 985K, committed 1088K, reserved 1048576K
}
Event: 3.879 GC heap after
{Heap after GC invocations=32 (full 0):
 garbage-first heap   total 131072K, used 59392K [0x0000000082c00000, 0x0000000100000000)
  region size 1024K, 1 young (1024K), 1 survivors (1024K)
 Metaspace       used 9334K, committed 9536K, reserved 1114112K
  class space    used 985K, committed 1088K, reserved 1048576K
}
Event: 3.958 GC heap before
{Heap before GC invocations=32 (full 0):
 garbage-first heap   total 131072K, used 69632K [0x0000000082c00000, 0x0000000100000000)
  region size 1024K, 12 young (12288K), 1 survivors (1024K)
 Metaspace       used 9350K, committed 9536K, reserved 1114112K
  class space    used 985K, committed 1088K, reserved 1048576K
}
Event: 3.973 GC heap after
{Heap after GC invocations=33 (full 0):
 garbage-first heap   total 131072K, used 67363K [0x0000000082c00000, 0x0000000100000000)
  region size 1024K, 4 young (4096K), 4 survivors (4096K)
 Metaspace       used 9350K, committed 9536K, reserved 1114112K
  class space    used 985K, committed 1088K, reserved 1048576K
}
Event: 4.319 GC heap before
{Heap before GC invocations=34 (full 0):
 garbage-first heap   total 131072K, used 88867K [0x0000000082c00000, 0x0000000100000000)
  region size 1024K, 23 young (23552K), 4 survivors (4096K)
 Metaspace       used 9575K, committed 9792K, reserved 1114112K
  class space    used 988K, committed 1088K, reserved 1048576K
}
Event: 4.337 GC heap after
{Heap after GC invocations=35 (full 0):
 garbage-first heap   total 131072K, used 73030K [0x0000000082c00000, 0x0000000100000000)
  region size 1024K, 3 young (3072K), 3 survivors (3072K)
 Metaspace       used 9575K, committed 9792K, reserved 1114112K
  class space    used 988K, committed 1088K, reserved 1048576K
}
Event: 4.549 GC heap before
{Heap before GC invocations=35 (full 0):
 garbage-first heap   total 131072K, used 91462K [0x0000000082c00000, 0x0000000100000000)
  region size 1024K, 21 young (21504K), 3 survivors (3072K)
 Metaspace       used 9649K, committed 9856K, reserved 1114112K
  class space    used 992K, committed 1088K, reserved 1048576K
}
Event: 4.562 GC heap after
{Heap after GC invocations=36 (full 0):
 garbage-first heap   total 131072K, used 76800K [0x0000000082c00000, 0x0000000100000000)
  region size 1024K, 3 young (3072K), 3 survivors (3072K)
 Metaspace       used 9649K, committed 9856K, reserved 1114112K
  class space    used 992K, committed 1088K, reserved 1048576K
}
Event: 4.637 GC heap before
{Heap before GC invocations=37 (full 0):
 garbage-first heap   total 133120K, used 80896K [0x0000000082c00000, 0x0000000100000000)
  region size 1024K, 8 young (8192K), 3 survivors (3072K)
 Metaspace       used 9656K, committed 9856K, reserved 1114112K
  class space    used 992K, committed 1088K, reserved 1048576K
}
Event: 4.646 GC heap after
{Heap after GC invocations=38 (full 0):
 garbage-first heap   total 133120K, used 78531K [0x0000000082c00000, 0x0000000100000000)
  region size 1024K, 2 young (2048K), 2 survivors (2048K)
 Metaspace       used 9656K, committed 9856K, reserved 1114112K
  class space    used 992K, committed 1088K, reserved 1048576K
}
Event: 5.272 GC heap before
{Heap before GC invocations=39 (full 0):
 garbage-first heap   total 145408K, used 101059K [0x0000000082c00000, 0x0000000100000000)
  region size 1024K, 21 young (21504K), 2 survivors (2048K)
 Metaspace       used 10928K, committed 11072K, reserved 1114112K
  class space    used 1116K, committed 1216K, reserved 1048576K
}
Event: 5.286 GC heap after
{Heap after GC invocations=40 (full 0):
 garbage-first heap   total 145408K, used 81920K [0x0000000082c00000, 0x0000000100000000)
  region size 1024K, 3 young (3072K), 3 survivors (3072K)
 Metaspace       used 10928K, committed 11072K, reserved 1114112K
  class space    used 1116K, committed 1216K, reserved 1048576K
}
Event: 6.459 GC heap before
{Heap before GC invocations=40 (full 0):
 garbage-first heap   total 145408K, used 107520K [0x0000000082c00000, 0x0000000100000000)
  region size 1024K, 28 young (28672K), 3 survivors (3072K)
 Metaspace       used 11468K, committed 11712K, reserved 1114112K
  class space    used 1117K, committed 1216K, reserved 1048576K
}
Event: 6.470 GC heap after
{Heap after GC invocations=41 (full 0):
 garbage-first heap   total 145408K, used 83322K [0x0000000082c00000, 0x0000000100000000)
  region size 1024K, 2 young (2048K), 2 survivors (2048K)
 Metaspace       used 11468K, committed 11712K, reserved 1114112K
  class space    used 1117K, committed 1216K, reserved 1048576K
}
Event: 7.835 GC heap before
{Heap before GC invocations=42 (full 0):
 garbage-first heap   total 145408K, used 108922K [0x0000000082c00000, 0x0000000100000000)
  region size 1024K, 28 young (28672K), 2 survivors (2048K)
 Metaspace       used 11600K, committed 11840K, reserved 1114112K
  class space    used 1119K, committed 1216K, reserved 1048576K
}
Event: 7.842 GC heap after
{Heap after GC invocations=43 (full 0):
 garbage-first heap   total 145408K, used 83315K [0x0000000082c00000, 0x0000000100000000)
  region size 1024K, 3 young (3072K), 3 survivors (3072K)
 Metaspace       used 11600K, committed 11840K, reserved 1114112K
  class space    used 1119K, committed 1216K, reserved 1048576K
}
Event: 7.928 GC heap before
{Heap before GC invocations=43 (full 0):
 garbage-first heap   total 145408K, used 87411K [0x0000000082c00000, 0x0000000100000000)
  region size 1024K, 7 young (7168K), 3 survivors (3072K)
 Metaspace       used 11643K, committed 11840K, reserved 1114112K
  class space    used 1119K, committed 1216K, reserved 1048576K
}
Event: 7.939 GC heap after
{Heap after GC invocations=44 (full 0):
 garbage-first heap   total 145408K, used 70765K [0x0000000082c00000, 0x0000000100000000)
  region size 1024K, 1 young (1024K), 1 survivors (1024K)
 Metaspace       used 11643K, committed 11840K, reserved 1114112K
  class space    used 1119K, committed 1216K, reserved 1048576K
}
Event: 8.167 GC heap before
{Heap before GC invocations=44 (full 0):
 garbage-first heap   total 145408K, used 76909K [0x0000000082c00000, 0x0000000100000000)
  region size 1024K, 7 young (7168K), 1 survivors (1024K)
 Metaspace       used 11650K, committed 11840K, reserved 1114112K
  class space    used 1119K, committed 1216K, reserved 1048576K
}

